-------------------------------------------------------------------------------
Test set: ru.scooter.LoginCourierTest
-------------------------------------------------------------------------------
Tests run: 3, Failures: 2, Errors: 0, Skipped: 0, Time elapsed: 1.472 s <<< FAILURE! - in ru.scooter.LoginCourierTest
loginWithoutOneOfCredentials(ru.scooter.LoginCourierTest)  Time elapsed: 0.572 s  <<< FAILURE!
org.junit.ComparisonFailure: expected:<[???????????? ?????? ??? ?????]> but was:<[Ð?ÐµÐ´Ð¾Ñ?Ñ‚Ð°Ñ‚Ð¾Ñ‡Ð½Ð¾ Ð´Ð°Ð½Ð½Ñ‹Ñ… Ð´Ð»Ñ? Ð²Ñ…Ð¾Ð´Ð°]>
	at ru.scooter.LoginCourierTest.loginWithoutOneOfCredentials(LoginCourierTest.java:74)

incorrectCredentialsTest(ru.scooter.LoginCourierTest)  Time elapsed: 0.508 s  <<< FAILURE!
org.junit.ComparisonFailure: expected:<[??????? ?????? ?? ???????]> but was:<[Ð£Ñ‡ÐµÑ‚Ð½Ð°Ñ? Ð·Ð°Ð¿Ð¸Ñ?ÑŒ Ð½Ðµ Ð½Ð°Ð¹Ð´ÐµÐ½Ð°]>
	at ru.scooter.LoginCourierTest.incorrectCredentialsTest(LoginCourierTest.java:61)

