-------------------------------------------------------------------------------
Test set: ru.scooter.CreatingCourierWithoutPasswordTest
-------------------------------------------------------------------------------
Tests run: 1, Failures: 1, Errors: 0, Skipped: 0, Time elapsed: 0.111 s <<< FAILURE! - in ru.scooter.CreatingCourierWithoutPasswordTest
attemptToCreateCourierWithoutImportantFields(ru.scooter.CreatingCourierWithoutPasswordTest)  Time elapsed: 0.11 s  <<< FAILURE!
org.junit.ComparisonFailure: expected:<[???????????? ?????? ??? ???????? ??????? ??????]> but was:<[Ð?ÐµÐ´Ð¾Ñ?Ñ‚Ð°Ñ‚Ð¾Ñ‡Ð½Ð¾ Ð´Ð°Ð½Ð½Ñ‹Ñ… Ð´Ð»Ñ? Ñ?Ð¾Ð·Ð´Ð°Ð½Ð¸Ñ? ÑƒÑ‡ÐµÑ‚Ð½Ð¾Ð¹ Ð·Ð°Ð¿Ð¸Ñ?Ð¸]>
	at ru.scooter.CreatingCourierWithoutPasswordTest.attemptToCreateCourierWithoutImportantFields(CreatingCourierWithoutPasswordTest.java:35)

