-------------------------------------------------------------------------------
Test set: ru.scooter.LoginCourierWithNonExistentCredentialsTest
-------------------------------------------------------------------------------
Tests run: 1, Failures: 1, Errors: 0, Skipped: 0, Time elapsed: 0.092 s <<< FAILURE! - in ru.scooter.LoginCourierWithNonExistentCredentialsTest
loginNewCourierThatNotExist(ru.scooter.LoginCourierWithNonExistentCredentialsTest)  Time elapsed: 0.09 s  <<< FAILURE!
org.junit.ComparisonFailure: expected:<[??????? ?????? ?? ???????]> but was:<[Учетна�? запи�?ь не найдена]>
	at ru.scooter.LoginCourierWithNonExistentCredentialsTest.loginNewCourierThatNotExist(LoginCourierWithNonExistentCredentialsTest.java:32)

