-------------------------------------------------------------------------------
Test set: ru.scooter.CreatingCourierWithoutPasswordTest
-------------------------------------------------------------------------------
Tests run: 1, Failures: 1, Errors: 0, Skipped: 0, Time elapsed: 0.111 s <<< FAILURE! - in ru.scooter.CreatingCourierWithoutPasswordTest
attemptToCreateCourierWithoutImportantFields(ru.scooter.CreatingCourierWithoutPasswordTest)  Time elapsed: 0.11 s  <<< FAILURE!
org.junit.ComparisonFailure: expected:<[???????????? ?????? ??? ???????? ??????? ??????]> but was:<[�?едо�?таточно данных дл�? �?оздани�? учетной запи�?и]>
	at ru.scooter.CreatingCourierWithoutPasswordTest.attemptToCreateCourierWithoutImportantFields(CreatingCourierWithoutPasswordTest.java:35)

