<?xml version="1.0" encoding="UTF-8"?>
<testsuite xmlns:xsi="http://www.w3.org/2001/XMLSchema-instance" xsi:noNamespaceSchemaLocation="https://maven.apache.org/surefire/maven-surefire-plugin/xsd/surefire-test-report.xsd" name="ru.scooter.LoginCourierWithNonExistentCredentialsTest" time="0.092" tests="1" errors="0" skipped="0" failures="1">
  <properties>
[...]
</properties>
  <testcase name="loginNewCourierThatNotExist" classname="ru.scooter.LoginCourierWithNonExistentCredentialsTest" time="0.09">
    <failure message="expected:&lt;[Учетная запись не найдена]&gt; but was:&lt;[Ð£Ñ‡ÐµÑ‚Ð½Ð°Ñ� Ð·Ð°Ð¿Ð¸Ñ�ÑŒ Ð½Ðµ Ð½Ð°Ð¹Ð´ÐµÐ½Ð°]&gt;" type="org.junit.ComparisonFailure"><![CDATA[org.junit.ComparisonFailure: expected:<[Учетная запись не найдена]> but was:<[Ð£Ñ‡ÐµÑ‚Ð½Ð°Ñ� Ð·Ð°Ð¿Ð¸Ñ�ÑŒ Ð½Ðµ Ð½Ð°Ð¹Ð´ÐµÐ½Ð°]>
	at ru.scooter.LoginCourierWithNonExistentCredentialsTest.loginNewCourierThatNotExist(LoginCourierWithNonExistentCredentialsTest.java:32)
]]></failure>
    <system-out><![CDATA[Request method:	POST
Request URI:	https://qa-scooter.praktikum-services.ru/api/v1/courier/login
Proxy:			<none>
Request params:	<none>
Query params:	<none>
Form params:	<none>
Path params:	<none>
Headers:		Accept=application/json, application/javascript, text/javascript, text/json
				Content-Type=application/json
Cookies:		<none>
Multiparts:		<none>
Body:
{
    "login": "GCbPeYeVPY",
    "password": "WzDJxmEzeU"
}
HTTP/1.1 404 Not Found
Access-Control-Allow-Origin: *
Content-Length: 72
Content-Type: application/json; charset=utf-8
Date: Wed, 20 Jul 2022 18:25:53 GMT
ETag: W/"48-SNOWaDub1LGYtleYI6ITphu8xIQ"
Set-Cookie: _yasc=wXtLotTB1I3aiMgvw6VTScVqteeh4Y4D7L4NoODBqxQ3Qg==; domain=.praktikum-services.ru; path=/; expires=Fri, 19-Aug-2022 18:25:53 GMT; secure
X-Powered-By: Express
X-Request-Id: 1658341553553406-10655446368755286970

{
    "code": 404,
    "message": "??????? ?????? ?? ???????"
}
]]></system-out>
  </testcase>
</testsuite>